<?xml version="1.0" encoding="UTF-8"?>
<!-- Generated by org.testng.reporters.JUnitReportReporter -->
<testsuite hostname="DESKTOP-5SB3LGC" failures="0" tests="2" name="juno02.Testng01" time="8.782" errors="0" timestamp="2023-07-02T20:08:40 IST" skipped="0">
  <testcase classname="juno02.Testng01" name="name" time="5.618"/>
  <system-out/>
  <testcase classname="juno02.Testng01" name="name" time="3.164"/>
  <system-out/>
</testsuite> <!-- juno02.Testng01 -->
