<?xml version="1.0" encoding="UTF-8"?>
<!-- Generated by org.testng.reporters.JUnitReportReporter -->
<testsuite hostname="DESKTOP-5SB3LGC" failures="0" tests="4" name="juno03.grouping" time="0.033" errors="0" timestamp="2023-07-02T15:09:08 IST" skipped="1">
  <testcase classname="juno03.grouping" name="test2" time="0.023"/>
  <system-out/>
  <testcase classname="juno03.grouping" name="test1" time="0.005"/>
  <system-out/>
  <testcase classname="juno03.grouping" name="test3" time="0.005"/>
  <system-out/>
  <testcase classname="juno03.grouping" name="test4">
    <skipped/>
  </testcase> <!-- test4 -->
  <system-out/>
</testsuite> <!-- juno03.grouping -->
