<?xml version="1.0" encoding="UTF-8"?>
<!-- Generated by org.testng.reporters.JUnitReportReporter -->
<testsuite hostname="DESKTOP-5SB3LGC" failures="0" tests="2" name="juno02.Testng01" time="7.958" errors="0" timestamp="2023-07-02T13:25:04 IST" skipped="0">
  <testcase classname="juno02.Testng01" name="name" time="5.031"/>
  <system-out/>
  <testcase classname="juno02.Testng01" name="name" time="2.927"/>
  <system-out/>
</testsuite> <!-- juno02.Testng01 -->
